<?xml version="1.0" encoding="UTF-8"?>
<!-- Generated by org.testng.reporters.JUnitXMLReporter -->
<testsuite ignored="0" hostname="mienpc" failures="0" tests="2" name="Regression Test All class on chrome" time="69.618" errors="0" timestamp="2024-03-08T20:12:10 ICT">
  <testcase classname="project.AddProjectTestCases" name="TC_ADDPRO_001" time="26.329"/>
  <testcase classname="project.AddProjectTestCases" name="TC_ADDPRO_002" time="6.894"/>
</testsuite> <!-- Regression Test All class on chrome -->
