<?xml version="1.0" encoding="UTF-8"?>
<testng-results ignored="0" total="2" passed="2" failed="0" skipped="0">
  <reporter-output>
  </reporter-output>
  <suite started-at="2024-03-08T20:13:28 ICT" name="Default suite" finished-at="2024-03-08T20:14:37 ICT" duration-ms="69282">
    <groups>
    </groups>
    <test started-at="2024-03-08T20:13:28 ICT" name="Default test" finished-at="2024-03-08T20:14:37 ICT" duration-ms="69282">
      <class name="project.AddProjectTestCases">
        <test-method is-config="true" signature="beforeTest(java.lang.String)[pri:0, instance:project.AddProjectTestCases@57d7f8ca]" started-at="2024-03-08T20:13:28 ICT" name="beforeTest" finished-at="2024-03-08T20:14:06 ICT" duration-ms="38226" status="PASS">
          <params>
            <param index="0">
              <value>
                <![CDATA[firefox]]>
              </value>
            </param>
          </params>
          <reporter-output>
          </reporter-output>
        </test-method> <!-- beforeTest -->
        <test-method signature="TC_ADDPRO_001()[pri:0, instance:project.AddProjectTestCases@57d7f8ca]" started-at="2024-03-08T20:14:06 ICT" name="TC_ADDPRO_001" finished-at="2024-03-08T20:14:28 ICT" duration-ms="21975" status="PASS">
          <reporter-output>
          </reporter-output>
        </test-method> <!-- TC_ADDPRO_001 -->
        <test-method signature="TC_ADDPRO_002()[pri:0, instance:project.AddProjectTestCases@57d7f8ca]" started-at="2024-03-08T20:14:28 ICT" name="TC_ADDPRO_002" finished-at="2024-03-08T20:14:35 ICT" duration-ms="6845" status="PASS">
          <reporter-output>
          </reporter-output>
        </test-method> <!-- TC_ADDPRO_002 -->
        <test-method is-config="true" signature="afterTest()[pri:0, instance:project.AddProjectTestCases@57d7f8ca]" started-at="2024-03-08T20:14:35 ICT" name="afterTest" finished-at="2024-03-08T20:14:37 ICT" duration-ms="2169" status="PASS">
          <reporter-output>
          </reporter-output>
        </test-method> <!-- afterTest -->
      </class> <!-- project.AddProjectTestCases -->
    </test> <!-- Default test -->
  </suite> <!-- Default suite -->
</testng-results>
